<?xml version="1.0" encoding="UTF-8"?>
<!-- Generated by org.testng.reporters.JUnitReportReporter -->
<testsuite hostname="Aman" failures="0" tests="2" name="TestCases.Optimised_Code" time="15.301" errors="0" timestamp="2025-02-01T18:38:07 IST" skipped="0">
  <testcase classname="TestCases.Optimised_Code" name="Login" time="3.589"/>
  <system-out/>
  <testcase classname="TestCases.Optimised_Code" name="coupons" time="11.712"/>
  <system-out/>
</testsuite> <!-- TestCases.Optimised_Code -->
