<?xml version="1.0" encoding="UTF-8"?>
<!-- Generated by org.testng.reporters.JUnitReportReporter -->
<testsuite hostname="Aman" failures="0" tests="2" name="TestCases.Optimised_Code" time="16.150" errors="0" timestamp="2025-01-29T19:46:02 IST" skipped="0">
  <testcase classname="TestCases.Optimised_Code" name="Login" time="3.390"/>
  <system-out/>
  <testcase classname="TestCases.Optimised_Code" name="reviews" time="12.760"/>
  <system-out/>
</testsuite> <!-- TestCases.Optimised_Code -->
