<?xml version="1.0" encoding="UTF-8"?>
<!-- Generated by org.testng.reporters.JUnitReportReporter -->
<testsuite hostname="Aman" failures="0" tests="2" name="TestCases.Optimised_Code" time="16.788" errors="0" timestamp="2025-02-01T17:52:31 IST" skipped="0">
  <testcase classname="TestCases.Optimised_Code" name="Login" time="3.680"/>
  <system-out/>
  <testcase classname="TestCases.Optimised_Code" name="coupons" time="13.108"/>
  <system-out/>
</testsuite> <!-- TestCases.Optimised_Code -->
