<?xml version="1.0" encoding="UTF-8"?>
<!-- Generated by org.testng.reporters.JUnitReportReporter -->
<testsuite hostname="Aman" failures="0" tests="2" name="TestCases.Optimised_Code" time="20.593" errors="0" timestamp="2025-01-31T19:28:50 IST" skipped="0">
  <testcase classname="TestCases.Optimised_Code" name="cancellation" time="11.775"/>
  <system-out/>
  <testcase classname="TestCases.Optimised_Code" name="Login" time="8.818"/>
  <system-out/>
</testsuite> <!-- TestCases.Optimised_Code -->
