<?xml version="1.0" encoding="UTF-8"?>
<!-- Generated by org.testng.reporters.JUnitReportReporter -->
<testsuite hostname="Aman" failures="0" tests="1" name="TestCases.Optimised_Code" time="19.467" errors="0" timestamp="2025-01-29T15:07:49 IST" skipped="0">
  <testcase classname="TestCases.Optimised_Code" name="addingMultipleProductsCart" time="19.467"/>
</testsuite> <!-- TestCases.Optimised_Code -->
