<?xml version="1.0" encoding="UTF-8"?>
<!-- Generated by org.testng.reporters.JUnitReportReporter -->
<testsuite hostname="Aman" failures="0" tests="2" name="TestCases.Optimised_Code" time="12.522" errors="0" timestamp="2025-01-31T13:48:32 IST" skipped="0">
  <testcase classname="TestCases.Optimised_Code" name="Login" time="5.384"/>
  <system-out/>
  <testcase classname="TestCases.Optimised_Code" name="reviews" time="7.138"/>
  <system-out/>
</testsuite> <!-- TestCases.Optimised_Code -->
