<?xml version="1.0" encoding="UTF-8"?>
<!-- Generated by org.testng.reporters.JUnitReportReporter -->
<testsuite hostname="Aman" failures="0" tests="2" name="TestCases.Optimised_Code" time="17.303" errors="0" timestamp="2025-01-29T18:32:11 IST" skipped="0">
  <testcase classname="TestCases.Optimised_Code" name="Login" time="5.842"/>
  <system-out/>
  <testcase classname="TestCases.Optimised_Code" name="wishlistFunctionality" time="11.461"/>
  <system-out/>
</testsuite> <!-- TestCases.Optimised_Code -->
